[INFO] Scanning for projects...
[INFO]                                                                         
[INFO] ------------------------------------------------------------------------
[INFO] Building spring-jpa-second-level-cache 0.0.1-SNAPSHOT
[INFO] ------------------------------------------------------------------------
[INFO] 
[INFO] >>> jetty-maven-plugin:9.3.11.v20160721:run (default-cli) > test-compile @ spring-jpa-second-level-cache >>>
[INFO] 
[INFO] --- maven-resources-plugin:2.6:resources (default-resources) @ spring-jpa-second-level-cache ---
[INFO] Using 'UTF-8' encoding to copy filtered resources.
[INFO] Copying 1 resource
[INFO] 
[INFO] --- maven-compiler-plugin:3.6.1:compile (default-compile) @ spring-jpa-second-level-cache ---
[INFO] Nothing to compile - all classes are up to date
[INFO] 
[INFO] --- maven-resources-plugin:2.6:testResources (default-testResources) @ spring-jpa-second-level-cache ---
[INFO] Using 'UTF-8' encoding to copy filtered resources.
[INFO] Copying 4 resources
[INFO] 
[INFO] --- maven-compiler-plugin:3.6.1:testCompile (default-testCompile) @ spring-jpa-second-level-cache ---
[INFO] Nothing to compile - all classes are up to date
[INFO] 
[INFO] <<< jetty-maven-plugin:9.3.11.v20160721:run (default-cli) < test-compile @ spring-jpa-second-level-cache <<<
[INFO] 
[INFO] --- jetty-maven-plugin:9.3.11.v20160721:run (default-cli) @ spring-jpa-second-level-cache ---
[INFO] Configuring Jetty for project: spring-jpa-second-level-cache
[INFO] webAppSourceDirectory not set. Trying src/main/webapp
[INFO] Reload Mechanic: automatic
[INFO] Classes = /home/user/Development/Eclipse/sprng-jpa-second-level-cache/target/classes
[INFO] Logging initialized @4291ms
[INFO] Context path = /
[INFO] Tmp directory = /home/user/Development/Eclipse/sprng-jpa-second-level-cache/target/tmp
[INFO] Web defaults = org/eclipse/jetty/webapp/webdefault.xml
[INFO] Web overrides =  none
[INFO] web.xml file = file:///home/user/Development/Eclipse/sprng-jpa-second-level-cache/src/main/webapp/WEB-INF/web.xml
[INFO] Webapp directory = /home/user/Development/Eclipse/sprng-jpa-second-level-cache/src/main/webapp
[INFO] jetty-9.3.11.v20160721
[INFO] Scanning elapsed time=2340ms
[INFO] No Spring WebApplicationInitializer types detected on classpath
[INFO] Initializing Spring root WebApplicationContext
mar 12, 2017 7:05:19 PM org.springframework.web.context.ContextLoader initWebApplicationContext
INFORMAZIONI: Root WebApplicationContext: initialization started
mar 12, 2017 7:05:19 PM org.springframework.web.context.support.XmlWebApplicationContext prepareRefresh
INFORMAZIONI: Refreshing Root WebApplicationContext: startup date [Sun Mar 12 19:05:19 CET 2017]; root of context hierarchy
mar 12, 2017 7:05:19 PM org.springframework.beans.factory.xml.XmlBeanDefinitionReader loadBeanDefinitions
INFORMAZIONI: Loading XML bean definitions from ServletContext resource [/WEB-INF/applicationContext.xml]
mar 12, 2017 7:05:20 PM org.springframework.context.support.PropertySourcesPlaceholderConfigurer loadProperties
INFORMAZIONI: Loading properties file from class path resource [WEB-INF/config/hibernate.properties]
mar 12, 2017 7:05:20 PM org.springframework.beans.factory.annotation.AutowiredAnnotationBeanPostProcessor <init>
INFORMAZIONI: JSR-330 'javax.inject.Inject' annotation found and supported for autowiring
mar 12, 2017 7:05:20 PM org.springframework.orm.jpa.LocalContainerEntityManagerFactoryBean createNativeEntityManagerFactory
INFORMAZIONI: Building JPA container EntityManagerFactory for persistence unit 'default'
mar 12, 2017 7:05:20 PM org.hibernate.jpa.internal.util.LogHelper logPersistenceUnitInformation
INFO: HHH000204: Processing PersistenceUnitInfo [
	name: default
	...]
mar 12, 2017 7:05:20 PM org.hibernate.Version logVersion
INFO: HHH000412: Hibernate Core {5.2.7.Final}
mar 12, 2017 7:05:20 PM org.hibernate.cfg.Environment <clinit>
INFO: HHH000206: hibernate.properties not found
mar 12, 2017 7:05:20 PM org.hibernate.annotations.common.reflection.java.JavaReflectionManager <clinit>
INFO: HCANN000001: Hibernate Commons Annotations {5.0.1.Final}
mar 12, 2017 7:05:21 PM org.hibernate.dialect.Dialect <init>
INFO: HHH000400: Using dialect: org.hibernate.dialect.PostgreSQL9Dialect
mar 12, 2017 7:05:22 PM org.hibernate.engine.jdbc.env.internal.LobCreatorBuilderImpl useContextualLobCreation
INFO: HHH000424: Disabling contextual LOB creation as createClob() method threw error : java.lang.reflect.InvocationTargetException
mar 12, 2017 7:05:22 PM org.hibernate.type.BasicTypeRegistry register
INFO: HHH000270: Type registration [java.util.UUID] overrides previous : org.hibernate.type.UUIDBinaryType@6b2dd3df
Hibernate: drop table if exists ADDRESS cascade
Hibernate: drop table if exists USER_DETAILS cascade
Hibernate: create table ADDRESS (id  bigserial not null, last_update timestamp, city varchar(255), STREET_NAME varchar(255), zipcode varchar(255), primary key (id))
Hibernate: create table USER_DETAILS (id  bigserial not null, last_update timestamp, description text, joinDate date, USER_NAME varchar(255), primary key (id))
mar 12, 2017 7:05:24 PM org.hibernate.tool.schema.internal.SchemaCreatorImpl applyImportSources
INFO: HHH000476: Executing import script 'org.hibernate.tool.schema.internal.exec.ScriptSourceInputNonExistentImpl@4e17442f'
mar 12, 2017 7:05:24 PM org.springframework.orm.jpa.LocalContainerEntityManagerFactoryBean buildNativeEntityManagerFactory
INFORMAZIONI: Initialized JPA EntityManagerFactory for persistence unit 'default'
mar 12, 2017 7:05:24 PM org.springframework.web.context.ContextLoader initWebApplicationContext
INFORMAZIONI: Root WebApplicationContext: initialization completed in 5009 ms
[INFO] Initializing Spring FrameworkServlet 'rest'
mar 12, 2017 7:05:24 PM org.springframework.web.servlet.DispatcherServlet initServletBean
INFORMAZIONI: FrameworkServlet 'rest': initialization started
mar 12, 2017 7:05:24 PM org.springframework.web.context.support.XmlWebApplicationContext prepareRefresh
INFORMAZIONI: Refreshing WebApplicationContext for namespace 'rest-servlet': startup date [Sun Mar 12 19:05:24 CET 2017]; parent: Root WebApplicationContext
mar 12, 2017 7:05:24 PM org.springframework.beans.factory.xml.XmlBeanDefinitionReader loadBeanDefinitions
INFORMAZIONI: Loading XML bean definitions from ServletContext resource [/WEB-INF/rest-servlet.xml]
mar 12, 2017 7:05:24 PM org.springframework.beans.factory.annotation.AutowiredAnnotationBeanPostProcessor <init>
INFORMAZIONI: JSR-330 'javax.inject.Inject' annotation found and supported for autowiring
mar 12, 2017 7:05:25 PM org.springframework.web.servlet.mvc.method.annotation.RequestMappingHandlerMapping register
INFORMAZIONI: Mapped "{[/save],methods=[POST]}" onto public void com.daniele.hibernate.rest.UserResource.saveUserDetails(com.daniele.hibernate.model.UserDetails)
mar 12, 2017 7:05:25 PM org.springframework.web.servlet.mvc.method.annotation.RequestMappingHandlerMapping register
INFORMAZIONI: Mapped "{[/{id}],methods=[GET]}" onto public com.daniele.hibernate.model.UserDetails com.daniele.hibernate.rest.UserResource.getUserDetails(java.lang.Integer)
mar 12, 2017 7:05:25 PM org.springframework.web.servlet.mvc.method.annotation.RequestMappingHandlerAdapter initControllerAdviceCache
INFORMAZIONI: Looking for @ControllerAdvice: WebApplicationContext for namespace 'rest-servlet': startup date [Sun Mar 12 19:05:24 CET 2017]; parent: Root WebApplicationContext
mar 12, 2017 7:05:25 PM org.springframework.web.servlet.mvc.method.annotation.RequestMappingHandlerAdapter initControllerAdviceCache
INFORMAZIONI: Looking for @ControllerAdvice: WebApplicationContext for namespace 'rest-servlet': startup date [Sun Mar 12 19:05:24 CET 2017]; parent: Root WebApplicationContext
mar 12, 2017 7:05:25 PM org.springframework.web.servlet.DispatcherServlet initServletBean
INFORMAZIONI: FrameworkServlet 'rest': initialization completed in 877 ms
[INFO] Started o.e.j.m.p.JettyWebAppContext@6c298dc{/,file:///home/user/Development/Eclipse/sprng-jpa-second-level-cache/src/main/webapp/,AVAILABLE}{file:///home/user/Development/Eclipse/sprng-jpa-second-level-cache/src/main/webapp/}
[INFO] Started ServerConnector@40fe8fd5{HTTP/1.1,[http/1.1]}{0.0.0.0:8080}
[INFO] Started @13463ms
[INFO] Started Jetty Server
[INFO] Stopped ServerConnector@40fe8fd5{HTTP/1.1,[http/1.1]}{0.0.0.0:8080}
[INFO] Destroying Spring FrameworkServlet 'rest'
[INFO] Closing Spring root WebApplicationContext
[INFO] Stopped o.e.j.m.p.JettyWebAppContext@6c298dc{/,file:///home/user/Development/Eclipse/sprng-jpa-second-level-cache/src/main/webapp/,UNAVAILABLE}{file:///home/user/Development/Eclipse/sprng-jpa-second-level-cache/src/main/webapp/}
[INFO] Jetty server exiting.
[INFO] ------------------------------------------------------------------------
[INFO] BUILD SUCCESS
[INFO] ------------------------------------------------------------------------
[INFO] Total time: 04:58 min
[INFO] Finished at: 2017-03-12T19:10:13+01:00
[INFO] Final Memory: 29M/309M
[INFO] ------------------------------------------------------------------------
